2.3909 	WARNING 	We strongly recommend you activate the PTB sound engine in PsychoPy prefs as the preferred audio engine. Its timing is vastly superior. Your prefs are currently set to use ['sounddevice', 'PTB', 'pyo', 'pygame'] (in that order).
12.3071 	WARNING 	User requested fullscreen with size [1024  768], but screen is actually [2560, 1440]. Using actual size
14.7444 	EXP 	Created window1 = Window(allowGUI=False, allowStencil=False, autoLog=True, backendConf=UNKNOWN, bitsMode=UNKNOWN, blendMode='avg', bpc=(8, 8, 8), color=array([0, 0, 0]), colorSpace='rgb', depthBits=8, fullscr=<method-wrapper '__getattribute__' of attributeSetter object at 0x0000016E1420F668>, gamma=None, gammaErrorPolicy='raise', lms=UNKNOWN, monitor=<psychopy.monitors.calibTools.Monitor object at 0x0000016E141F79B0>, multiSample=False, name='window1', numSamples=2, pos=[0.0, 0.0], screen=0, size=array([2560, 1440]), stencilBits=0, stereo=False, units='height', useFBO=True, useRetina=False, viewOri=0.0, viewPos=None, viewScale=None, waitBlanking=True, winType='pyglet')
14.7724 	EXP 	window1: mouseVisible = True
14.7724 	EXP 	window1: recordFrameIntervals = False
14.8414 	EXP 	window1: recordFrameIntervals = True
14.9179 	EXP 	window1: recordFrameIntervals = False
16.4858 	EXP 	Created dots = DotStim(__class__=<class 'psychopy.visual.dot.DotStim'>, autoLog=True, coherence=1.0, color=array([1., 1., 1.]), colorSpace='rgb', contrast=1.0, depth=0.0, dir=0.0, dotLife=3.0, dotSize=2.0, element=None, fieldPos=array([0., 0.]), fieldShape='circle', fieldSize=array([1., 1.]), nDots=100, name='dots', noiseDots='direction', opacity=1, rgb=UNKNOWN, signalDots='same', speed=0.1, units='height', win=Window(...))
16.6413 	EXP 	Created noise = NoiseStim(__class__=<class 'psychopy.visual.noise.NoiseStim'>, autoDraw=False, autoLog=True, blendmode='avg', color=array([1., 1., 1.]), colorSpace='rgb', contrast=1.0, depth=-1.0, interpolate=False, mask='none', maskParams=None, name='noise', opacity=1, ori=0.0, phase=array([0., 0.]), pos=array([0., 0.]), rgbPedestal=array([0., 0., 0.]), sf=array([1., 1.]), size=array([0.5, 0.5]), tex='sin', texRes=128, units='height', win=Window(...))
18.7759 	EXP 	Created text = TextStim(__class__=<class 'psychopy.visual.text.TextStim'>, alignHoriz=method-wrapper(...), alignText='center', alignVert=method-wrapper(...), anchorHoriz='center', anchorVert='center', antialias=True, autoLog=True, bold=False, color=array([1., 1., 1.]), colorSpace='rgb', contrast=1.0, depth=-2.0, flipHoriz=False, flipVert=False, font='Open Sans', fontFiles=[], height=0.1, italic=False, languageStyle='LTR', name='text', opacity=1, ori=0.0, pos=array([0., 0.]), rgb=UNKNOWN, text='Hello man!', units='height', win=Window(...), wrapWidth=1)
18.9662 	EXP 	noise: blendmode = 'avg'
18.9662 	EXP 	noise: mask = None
18.9662 	EXP 	noise: texRes = 128
18.9662 	EXP 	noise: noiseType = 'Binary'
18.9662 	EXP 	noise: noiseImage = None
18.9662 	EXP 	noise: noiseElementSize = [0.0625]
18.9662 	EXP 	noise: noiseBaseSf = 8.0
18.9662 	EXP 	noise: noiseBW = 1.0
18.9662 	EXP 	noise: noiseBWO = 30.0
18.9662 	EXP 	noise: noiseFractalPower = 0.0
18.9662 	EXP 	noise: noiseFilterUpper = 8.0
18.9662 	EXP 	noise: noiseFilterLower = 1.0
18.9662 	EXP 	noise: noiseFilterOrder = 0.0
18.9662 	EXP 	noise: noiseClip = 3.0
18.9662 	EXP 	noise: filter = None
18.9662 	EXP 	noise: tex = <class 'numpy.ndarray'>
18.9662 	EXP 	noise: tex = <class 'numpy.ndarray'>
18.9662 	EXP 	dots: autoDraw = True
19.1505 	DATA 	Mouse: Left button down, pos=(1547,520)
19.2884 	DATA 	Mouse:  Left button up, pos=(1547,520)
23.8135 	EXP 	noise: autoDraw = True
23.9662 	EXP 	dots: autoDraw = False
26.7927 	EXP 	text: autoDraw = True
31.8136 	EXP 	noise: autoDraw = False
36.9282 	DATA 	Mouse: Left button down, pos=(1547,528)
37.0039 	DATA 	Mouse:  Left button up, pos=(1547,528)
38.1946 	DATA 	Keypress: escape
38.3727 	EXP 	window1: mouseVisible = True
